# JRE version: OpenJDK Runtime Environment (8.0_222-b10) (build 1.8.0_222-8u222-b10-1ubuntu1~16.04.1-b10)
# Java VM: OpenJDK 64-Bit Server VM (25.222-b10 mixed mode linux-amd64 compressed oops)
Heap:
 PSYoungGen      total 386560K, used 25552K [0x0000000781f80000, 0x000000079a900000, 0x00000007c0000000)
  eden space 370176K, 6% used [0x0000000781f80000,0x0000000783874338,0x0000000798900000)
  from space 16384K, 0% used [0x0000000798900000,0x0000000798900000,0x0000000799900000)
  to   space 16384K, 7% used [0x0000000799900000,0x0000000799a30000,0x000000079a900000)
 ParOldGen       total 163328K, used 19873K [0x0000000705e00000, 0x000000070fd80000, 0x0000000781f80000)
  object space 163328K, 12% used [0x0000000705e00000,0x0000000707168628,0x000000070fd80000)
 Metaspace       used 65224K, capacity 65526K, committed 66176K, reserved 1105920K
  class space    used 9398K, capacity 9469K, committed 9600K, reserved 1048576K
GC Heap History (10 events):
Event: 7203.511 GC heap after
Heap after GC invocations=22 (full 7):
 PSYoungGen      total 386048K, used 0K [0x0000000781f80000, 0x000000079a900000, 0x00000007c0000000)
  eden space 369664K, 0% used [0x0000000781f80000,0x0000000781f80000,0x0000000798880000)
  from space 16384K, 0% used [0x0000000798880000,0x0000000798880000,0x0000000799880000)
  to   space 16384K, 0% used [0x0000000799900000,0x0000000799900000,0x000000079a900000)
 ParOldGen       total 163328K, used 19623K [0x0000000705e00000, 0x000000070fd80000, 0x0000000781f80000)
  object space 163328K, 12% used [0x0000000705e00000,0x0000000707129e68,0x000000070fd80000)
 Metaspace       used 64917K, capacity 65206K, committed 65920K, reserved 1105920K
  class space    used 9389K, capacity 9469K, committed 9600K, reserved 1048576K
}
Event: 9003.463 GC heap before
{Heap before GC invocations=23 (full 7):
 PSYoungGen      total 386048K, used 23115K [0x0000000781f80000, 0x000000079a900000, 0x00000007c0000000)
  eden space 369664K, 6% used [0x0000000781f80000,0x0000000783612f88,0x0000000798880000)
  from space 16384K, 0% used [0x0000000798880000,0x0000000798880000,0x0000000799880000)
  to   space 16384K, 0% used [0x0000000799900000,0x0000000799900000,0x000000079a900000)
 ParOldGen       total 163328K, used 19623K [0x0000000705e00000, 0x000000070fd80000, 0x0000000781f80000)
  object space 163328K, 12% used [0x0000000705e00000,0x0000000707129e68,0x000000070fd80000)
 Metaspace       used 64917K, capacity 65206K, committed 65920K, reserved 1105920K
  class space    used 9389K, capacity 9469K, committed 9600K, reserved 1048576K
Event: 9003.465 GC heap after
Heap after GC invocations=23 (full 7):
 PSYoungGen      total 386560K, used 1024K [0x0000000781f80000, 0x000000079a900000, 0x00000007c0000000)
  eden space 370176K, 0% used [0x0000000781f80000,0x0000000781f80000,0x0000000798900000)
  from space 16384K, 6% used [0x0000000799900000,0x0000000799a00000,0x000000079a900000)
  to   space 16384K, 0% used [0x0000000798900000,0x0000000798900000,0x0000000799900000)
 ParOldGen       total 163328K, used 19623K [0x0000000705e00000, 0x000000070fd80000, 0x0000000781f80000)
  object space 163328K, 12% used [0x0000000705e00000,0x0000000707129e68,0x000000070fd80000)
 Metaspace       used 64917K, capacity 65206K, committed 65920K, reserved 1105920K
  class space    used 9389K, capacity 9469K, committed 9600K, reserved 1048576K
}
Event: 9003.465 GC heap before
{Heap before GC invocations=24 (full 8):
 PSYoungGen      total 386560K, used 1024K [0x0000000781f80000, 0x000000079a900000, 0x00000007c0000000)
  eden space 370176K, 0% used [0x0000000781f80000,0x0000000781f80000,0x0000000798900000)
  from space 16384K, 6% used [0x0000000799900000,0x0000000799a00000,0x000000079a900000)
  to   space 16384K, 0% used [0x0000000798900000,0x0000000798900000,0x0000000799900000)
 ParOldGen       total 163328K, used 19623K [0x0000000705e00000, 0x000000070fd80000, 0x0000000781f80000)
  object space 163328K, 12% used [0x0000000705e00000,0x0000000707129e68,0x000000070fd80000)
 Metaspace       used 64917K, capacity 65206K, committed 65920K, reserved 1105920K
  class space    used 9389K, capacity 9469K, committed 9600K, reserved 1048576K
Event: 9003.532 GC heap after
Heap after GC invocations=24 (full 8):
 PSYoungGen      total 386560K, used 0K [0x0000000781f80000, 0x000000079a900000, 0x00000007c0000000)
  eden space 370176K, 0% used [0x0000000781f80000,0x0000000781f80000,0x0000000798900000)
  from space 16384K, 0% used [0x0000000799900000,0x0000000799900000,0x000000079a900000)
  to   space 16384K, 0% used [0x0000000798900000,0x0000000798900000,0x0000000799900000)
 ParOldGen       total 163328K, used 19775K [0x0000000705e00000, 0x000000070fd80000, 0x0000000781f80000)
  object space 163328K, 12% used [0x0000000705e00000,0x000000070714ff00,0x000000070fd80000)
 Metaspace       used 64917K, capacity 65206K, committed 65920K, reserved 1105920K
  class space    used 9389K, capacity 9469K, committed 9600K, reserved 1048576K
}
Event: 10803.463 GC heap before
{Heap before GC invocations=25 (full 8):
 PSYoungGen      total 386560K, used 24916K [0x0000000781f80000, 0x000000079a900000, 0x00000007c0000000)
  eden space 370176K, 6% used [0x0000000781f80000,0x00000007837d5380,0x0000000798900000)
  from space 16384K, 0% used [0x0000000799900000,0x0000000799900000,0x000000079a900000)
  to   space 16384K, 0% used [0x0000000798900000,0x0000000798900000,0x0000000799900000)
 ParOldGen       total 163328K, used 19775K [0x0000000705e00000, 0x000000070fd80000, 0x0000000781f80000)
  object space 163328K, 12% used [0x0000000705e00000,0x000000070714ff00,0x000000070fd80000)
 Metaspace       used 65172K, capacity 65462K, committed 66176K, reserved 1105920K
  class space    used 9398K, capacity 9469K, committed 9600K, reserved 1048576K
Event: 10803.465 GC heap after
Heap after GC invocations=25 (full 8):
 PSYoungGen      total 386560K, used 320K [0x0000000781f80000, 0x000000079a900000, 0x00000007c0000000)
  eden space 370176K, 0% used [0x0000000781f80000,0x0000000781f80000,0x0000000798900000)
  from space 16384K, 1% used [0x0000000798900000,0x0000000798950000,0x0000000799900000)
  to   space 16384K, 0% used [0x0000000799900000,0x0000000799900000,0x000000079a900000)
 ParOldGen       total 163328K, used 19775K [0x0000000705e00000, 0x000000070fd80000, 0x0000000781f80000)
  object space 163328K, 12% used [0x0000000705e00000,0x000000070714ff00,0x000000070fd80000)
 Metaspace       used 65172K, capacity 65462K, committed 66176K, reserved 1105920K
  class space    used 9398K, capacity 9469K, committed 9600K, reserved 1048576K
}
Event: 10803.465 GC heap before
{Heap before GC invocations=26 (full 9):
 PSYoungGen      total 386560K, used 320K [0x0000000781f80000, 0x000000079a900000, 0x00000007c0000000)
  eden space 370176K, 0% used [0x0000000781f80000,0x0000000781f80000,0x0000000798900000)
  from space 16384K, 1% used [0x0000000798900000,0x0000000798950000,0x0000000799900000)
  to   space 16384K, 0% used [0x0000000799900000,0x0000000799900000,0x000000079a900000)
 ParOldGen       total 163328K, used 19775K [0x0000000705e00000, 0x000000070fd80000, 0x0000000781f80000)
  object space 163328K, 12% used [0x0000000705e00000,0x000000070714ff00,0x000000070fd80000)
 Metaspace       used 65172K, capacity 65462K, committed 66176K, reserved 1105920K
  class space    used 9398K, capacity 9469K, committed 9600K, reserved 1048576K
Event: 10803.512 GC heap after
Heap after GC invocations=26 (full 9):
 PSYoungGen      total 386560K, used 0K [0x0000000781f80000, 0x000000079a900000, 0x00000007c0000000)
  eden space 370176K, 0% used [0x0000000781f80000,0x0000000781f80000,0x0000000798900000)
  from space 16384K, 0% used [0x0000000798900000,0x0000000798900000,0x0000000799900000)
  to   space 16384K, 0% used [0x0000000799900000,0x0000000799900000,0x000000079a900000)
 ParOldGen       total 163328K, used 19873K [0x0000000705e00000, 0x000000070fd80000, 0x0000000781f80000)
  object space 163328K, 12% used [0x0000000705e00000,0x0000000707168628,0x000000070fd80000)
 Metaspace       used 65172K, capacity 65462K, committed 66176K, reserved 1105920K
  class space    used 9398K, capacity 9469K, committed 9600K, reserved 1048576K
}
Event: 12603.463 GC heap before
{Heap before GC invocations=27 (full 9):
 PSYoungGen      total 386560K, used 25552K [0x0000000781f80000, 0x000000079a900000, 0x00000007c0000000)
  eden space 370176K, 6% used [0x0000000781f80000,0x0000000783874238,0x0000000798900000)
  from space 16384K, 0% used [0x0000000798900000,0x0000000798900000,0x0000000799900000)
  to   space 16384K, 0% used [0x0000000799900000,0x0000000799900000,0x000000079a900000)
 ParOldGen       total 163328K, used 19873K [0x0000000705e00000, 0x000000070fd80000, 0x0000000781f80000)
  object space 163328K, 12% used [0x0000000705e00000,0x0000000707168628,0x000000070fd80000)
 Metaspace       used 65224K, capacity 65526K, committed 66176K, reserved 1105920K
  class space    used 9398K, capacity 9469K, committed 9600K, reserved 1048576K

