# JRE version: OpenJDK Runtime Environment (8.0_222-b10) (build 1.8.0_222-8u222-b10-1ubuntu1~16.04.1-b10)
# Java VM: OpenJDK 64-Bit Server VM (25.222-b10 mixed mode linux-amd64 compressed oops)
Heap:
 PSYoungGen      total 545792K, used 59624K [0x0000000781f80000, 0x00000007a4400000, 0x00000007c0000000)
  eden space 529920K, 11% used [0x0000000781f80000,0x00000007859ba1e0,0x00000007a2500000)
  from space 15872K, 0% used [0x00000007a3480000,0x00000007a3480000,0x00000007a4400000)
  to   space 15872K, 1% used [0x00000007a2500000,0x00000007a2548000,0x00000007a3480000)
 ParOldGen       total 121856K, used 19777K [0x0000000705e00000, 0x000000070d500000, 0x0000000781f80000)
  object space 121856K, 16% used [0x0000000705e00000,0x0000000707150408,0x000000070d500000)
 Metaspace       used 65310K, capacity 65590K, committed 66432K, reserved 1105920K
  class space    used 9401K, capacity 9469K, committed 9600K, reserved 1048576K
GC Heap History (10 events):
Event: 5403.411 GC heap after
Heap after GC invocations=20 (full 6):
 PSYoungGen      total 545792K, used 0K [0x0000000781f80000, 0x00000007a4400000, 0x00000007c0000000)
  eden space 529920K, 0% used [0x0000000781f80000,0x0000000781f80000,0x00000007a2500000)
  from space 15872K, 0% used [0x00000007a3480000,0x00000007a3480000,0x00000007a4400000)
  to   space 15872K, 0% used [0x00000007a2500000,0x00000007a2500000,0x00000007a3480000)
 ParOldGen       total 121856K, used 19479K [0x0000000705e00000, 0x000000070d500000, 0x0000000781f80000)
  object space 121856K, 15% used [0x0000000705e00000,0x0000000707105f78,0x000000070d500000)
 Metaspace       used 64913K, capacity 65206K, committed 65920K, reserved 1105920K
  class space    used 9390K, capacity 9469K, committed 9600K, reserved 1048576K
}
Event: 7203.328 GC heap before
{Heap before GC invocations=21 (full 6):
 PSYoungGen      total 545792K, used 54646K [0x0000000781f80000, 0x00000007a4400000, 0x00000007c0000000)
  eden space 529920K, 10% used [0x0000000781f80000,0x00000007854dd890,0x00000007a2500000)
  from space 15872K, 0% used [0x00000007a3480000,0x00000007a3480000,0x00000007a4400000)
  to   space 15872K, 0% used [0x00000007a2500000,0x00000007a2500000,0x00000007a3480000)
 ParOldGen       total 121856K, used 19479K [0x0000000705e00000, 0x000000070d500000, 0x0000000781f80000)
  object space 121856K, 15% used [0x0000000705e00000,0x0000000707105f78,0x000000070d500000)
 Metaspace       used 64913K, capacity 65206K, committed 65920K, reserved 1105920K
  class space    used 9390K, capacity 9469K, committed 9600K, reserved 1048576K
Event: 7203.330 GC heap after
Heap after GC invocations=21 (full 6):
 PSYoungGen      total 545792K, used 256K [0x0000000781f80000, 0x00000007a4400000, 0x00000007c0000000)
  eden space 529920K, 0% used [0x0000000781f80000,0x0000000781f80000,0x00000007a2500000)
  from space 15872K, 1% used [0x00000007a2500000,0x00000007a2540000,0x00000007a3480000)
  to   space 15872K, 0% used [0x00000007a3480000,0x00000007a3480000,0x00000007a4400000)
 ParOldGen       total 121856K, used 19479K [0x0000000705e00000, 0x000000070d500000, 0x0000000781f80000)
  object space 121856K, 15% used [0x0000000705e00000,0x0000000707105f78,0x000000070d500000)
 Metaspace       used 64913K, capacity 65206K, committed 65920K, reserved 1105920K
  class space    used 9390K, capacity 9469K, committed 9600K, reserved 1048576K
}
Event: 7203.330 GC heap before
{Heap before GC invocations=22 (full 7):
 PSYoungGen      total 545792K, used 256K [0x0000000781f80000, 0x00000007a4400000, 0x00000007c0000000)
  eden space 529920K, 0% used [0x0000000781f80000,0x0000000781f80000,0x00000007a2500000)
  from space 15872K, 1% used [0x00000007a2500000,0x00000007a2540000,0x00000007a3480000)
  to   space 15872K, 0% used [0x00000007a3480000,0x00000007a3480000,0x00000007a4400000)
 ParOldGen       total 121856K, used 19479K [0x0000000705e00000, 0x000000070d500000, 0x0000000781f80000)
  object space 121856K, 15% used [0x0000000705e00000,0x0000000707105f78,0x000000070d500000)
 Metaspace       used 64913K, capacity 65206K, committed 65920K, reserved 1105920K
  class space    used 9390K, capacity 9469K, committed 9600K, reserved 1048576K
Event: 7203.375 GC heap after
Heap after GC invocations=22 (full 7):
 PSYoungGen      total 545792K, used 0K [0x0000000781f80000, 0x00000007a4400000, 0x00000007c0000000)
  eden space 529920K, 0% used [0x0000000781f80000,0x0000000781f80000,0x00000007a2500000)
  from space 15872K, 0% used [0x00000007a2500000,0x00000007a2500000,0x00000007a3480000)
  to   space 15872K, 0% used [0x00000007a3480000,0x00000007a3480000,0x00000007a4400000)
 ParOldGen       total 121856K, used 19626K [0x0000000705e00000, 0x000000070d500000, 0x0000000781f80000)
  object space 121856K, 16% used [0x0000000705e00000,0x000000070712a860,0x000000070d500000)
 Metaspace       used 64913K, capacity 65206K, committed 65920K, reserved 1105920K
  class space    used 9390K, capacity 9469K, committed 9600K, reserved 1048576K
}
Event: 9003.328 GC heap before
{Heap before GC invocations=23 (full 7):
 PSYoungGen      total 545792K, used 60648K [0x0000000781f80000, 0x00000007a4400000, 0x00000007c0000000)
  eden space 529920K, 11% used [0x0000000781f80000,0x0000000785aba1f8,0x00000007a2500000)
  from space 15872K, 0% used [0x00000007a2500000,0x00000007a2500000,0x00000007a3480000)
  to   space 15872K, 0% used [0x00000007a3480000,0x00000007a3480000,0x00000007a4400000)
 ParOldGen       total 121856K, used 19626K [0x0000000705e00000, 0x000000070d500000, 0x0000000781f80000)
  object space 121856K, 16% used [0x0000000705e00000,0x000000070712a860,0x000000070d500000)
 Metaspace       used 64918K, capacity 65206K, committed 65920K, reserved 1105920K
  class space    used 9390K, capacity 9469K, committed 9600K, reserved 1048576K
Event: 9003.331 GC heap after
Heap after GC invocations=23 (full 7):
 PSYoungGen      total 545792K, used 960K [0x0000000781f80000, 0x00000007a4400000, 0x00000007c0000000)
  eden space 529920K, 0% used [0x0000000781f80000,0x0000000781f80000,0x00000007a2500000)
  from space 15872K, 6% used [0x00000007a3480000,0x00000007a3570000,0x00000007a4400000)
  to   space 15872K, 0% used [0x00000007a2500000,0x00000007a2500000,0x00000007a3480000)
 ParOldGen       total 121856K, used 19626K [0x0000000705e00000, 0x000000070d500000, 0x0000000781f80000)
  object space 121856K, 16% used [0x0000000705e00000,0x000000070712a860,0x000000070d500000)
 Metaspace       used 64918K, capacity 65206K, committed 65920K, reserved 1105920K
  class space    used 9390K, capacity 9469K, committed 9600K, reserved 1048576K
}
Event: 9003.331 GC heap before
{Heap before GC invocations=24 (full 8):
 PSYoungGen      total 545792K, used 960K [0x0000000781f80000, 0x00000007a4400000, 0x00000007c0000000)
  eden space 529920K, 0% used [0x0000000781f80000,0x0000000781f80000,0x00000007a2500000)
  from space 15872K, 6% used [0x00000007a3480000,0x00000007a3570000,0x00000007a4400000)
  to   space 15872K, 0% used [0x00000007a2500000,0x00000007a2500000,0x00000007a3480000)
 ParOldGen       total 121856K, used 19626K [0x0000000705e00000, 0x000000070d500000, 0x0000000781f80000)
  object space 121856K, 16% used [0x0000000705e00000,0x000000070712a860,0x000000070d500000)
 Metaspace       used 64918K, capacity 65206K, committed 65920K, reserved 1105920K
  class space    used 9390K, capacity 9469K, committed 9600K, reserved 1048576K
Event: 9003.418 GC heap after
Heap after GC invocations=24 (full 8):
 PSYoungGen      total 545792K, used 0K [0x0000000781f80000, 0x00000007a4400000, 0x00000007c0000000)
  eden space 529920K, 0% used [0x0000000781f80000,0x0000000781f80000,0x00000007a2500000)
  from space 15872K, 0% used [0x00000007a3480000,0x00000007a3480000,0x00000007a4400000)
  to   space 15872K, 0% used [0x00000007a2500000,0x00000007a2500000,0x00000007a3480000)
 ParOldGen       total 121856K, used 19777K [0x0000000705e00000, 0x000000070d500000, 0x0000000781f80000)
  object space 121856K, 16% used [0x0000000705e00000,0x0000000707150408,0x000000070d500000)
 Metaspace       used 64918K, capacity 65206K, committed 65920K, reserved 1105920K
  class space    used 9390K, capacity 9469K, committed 9600K, reserved 1048576K
}
Event: 10803.328 GC heap before
{Heap before GC invocations=25 (full 8):
 PSYoungGen      total 545792K, used 59624K [0x0000000781f80000, 0x00000007a4400000, 0x00000007c0000000)
  eden space 529920K, 11% used [0x0000000781f80000,0x00000007859ba0e0,0x00000007a2500000)
  from space 15872K, 0% used [0x00000007a3480000,0x00000007a3480000,0x00000007a4400000)
  to   space 15872K, 0% used [0x00000007a2500000,0x00000007a2500000,0x00000007a3480000)
 ParOldGen       total 121856K, used 19777K [0x0000000705e00000, 0x000000070d500000, 0x0000000781f80000)
  object space 121856K, 16% used [0x0000000705e00000,0x0000000707150408,0x000000070d500000)
 Metaspace       used 65310K, capacity 65590K, committed 66432K, reserved 1105920K
  class space    used 9401K, capacity 9469K, committed 9600K, reserved 1048576K

