# JRE version: OpenJDK Runtime Environment (8.0_212-b03) (build 1.8.0_212-8u212-b03-0ubuntu1.16.04.1-b03)
# Java VM: OpenJDK 64-Bit Server VM (25.212-b03 mixed mode linux-amd64 compressed oops)
Heap:
 PSYoungGen      total 395776K, used 313562K [0x0000000781f80000, 0x00000007a8580000, 0x00000007c0000000)
  eden space 385024K, 81% used [0x0000000781f80000,0x00000007951b6a38,0x0000000799780000)
  from space 10752K, 0% used [0x0000000799780000,0x0000000799780000,0x000000079a200000)
  to   space 12288K, 17% used [0x00000007a7980000,0x00000007a7b8e440,0x00000007a8580000)
 ParOldGen       total 102912K, used 15716K [0x0000000705e00000, 0x000000070c280000, 0x0000000781f80000)
  object space 102912K, 15% used [0x0000000705e00000,0x0000000706d593d8,0x000000070c280000)
 Metaspace       used 42305K, capacity 42848K, committed 42880K, reserved 1085440K
  class space    used 5851K, capacity 5993K, committed 6016K, reserved 1048576K
GC Heap History (10 events):
Event: 2.753 GC heap after
Heap after GC invocations=5 (full 0):
 PSYoungGen      total 202240K, used 6328K [0x0000000781f80000, 0x000000079ac80000, 0x00000007c0000000)
  eden space 194560K, 0% used [0x0000000781f80000,0x0000000781f80000,0x000000078dd80000)
  from space 7680K, 82% used [0x000000078dd80000,0x000000078e3ae0c8,0x000000078e500000)
  to   space 8704K, 0% used [0x000000079a400000,0x000000079a400000,0x000000079ac80000)
 ParOldGen       total 128512K, used 400K [0x0000000705e00000, 0x000000070db80000, 0x0000000781f80000)
  object space 128512K, 0% used [0x0000000705e00000,0x0000000705e64300,0x000000070db80000)
 Metaspace       used 21027K, capacity 21192K, committed 21296K, reserved 1067008K
  class space    used 2852K, capacity 2920K, committed 2944K, reserved 1048576K
}
Event: 2.753 GC heap before
{Heap before GC invocations=6 (full 1):
 PSYoungGen      total 202240K, used 6328K [0x0000000781f80000, 0x000000079ac80000, 0x00000007c0000000)
  eden space 194560K, 0% used [0x0000000781f80000,0x0000000781f80000,0x000000078dd80000)
  from space 7680K, 82% used [0x000000078dd80000,0x000000078e3ae0c8,0x000000078e500000)
  to   space 8704K, 0% used [0x000000079a400000,0x000000079a400000,0x000000079ac80000)
 ParOldGen       total 128512K, used 400K [0x0000000705e00000, 0x000000070db80000, 0x0000000781f80000)
  object space 128512K, 0% used [0x0000000705e00000,0x0000000705e64300,0x000000070db80000)
 Metaspace       used 21027K, capacity 21192K, committed 21296K, reserved 1067008K
  class space    used 2852K, capacity 2920K, committed 2944K, reserved 1048576K
Event: 2.771 GC heap after
Heap after GC invocations=6 (full 1):
 PSYoungGen      total 202240K, used 0K [0x0000000781f80000, 0x000000079ac80000, 0x00000007c0000000)
  eden space 194560K, 0% used [0x0000000781f80000,0x0000000781f80000,0x000000078dd80000)
  from space 7680K, 0% used [0x000000078dd80000,0x000000078dd80000,0x000000078e500000)
  to   space 8704K, 0% used [0x000000079a400000,0x000000079a400000,0x000000079ac80000)
 ParOldGen       total 65024K, used 6218K [0x0000000705e00000, 0x0000000709d80000, 0x0000000781f80000)
  object space 65024K, 9% used [0x0000000705e00000,0x0000000706412b20,0x0000000709d80000)
 Metaspace       used 21027K, capacity 21192K, committed 21296K, reserved 1067008K
  class space    used 2852K, capacity 2920K, committed 2944K, reserved 1048576K
}
Event: 3.814 GC heap before
{Heap before GC invocations=7 (full 1):
 PSYoungGen      total 202240K, used 194560K [0x0000000781f80000, 0x000000079ac80000, 0x00000007c0000000)
  eden space 194560K, 100% used [0x0000000781f80000,0x000000078dd80000,0x000000078dd80000)
  from space 7680K, 0% used [0x000000078dd80000,0x000000078dd80000,0x000000078e500000)
  to   space 8704K, 0% used [0x000000079a400000,0x000000079a400000,0x000000079ac80000)
 ParOldGen       total 65024K, used 6218K [0x0000000705e00000, 0x0000000709d80000, 0x0000000781f80000)
  object space 65024K, 9% used [0x0000000705e00000,0x0000000706412b20,0x0000000709d80000)
 Metaspace       used 28425K, capacity 28666K, committed 28800K, reserved 1075200K
  class space    used 3853K, capacity 3929K, committed 3968K, reserved 1048576K
Event: 3.822 GC heap after
Heap after GC invocations=7 (full 1):
 PSYoungGen      total 353792K, used 8701K [0x0000000781f80000, 0x000000079ac80000, 0x00000007c0000000)
  eden space 345088K, 0% used [0x0000000781f80000,0x0000000781f80000,0x0000000797080000)
  from space 8704K, 99% used [0x000000079a400000,0x000000079ac7f788,0x000000079ac80000)
  to   space 10752K, 0% used [0x0000000799780000,0x0000000799780000,0x000000079a200000)
 ParOldGen       total 65024K, used 7283K [0x0000000705e00000, 0x0000000709d80000, 0x0000000781f80000)
  object space 65024K, 11% used [0x0000000705e00000,0x000000070651cef8,0x0000000709d80000)
 Metaspace       used 28425K, capacity 28666K, committed 28800K, reserved 1075200K
  class space    used 3853K, capacity 3929K, committed 3968K, reserved 1048576K
}
Event: 4.725 GC heap before
{Heap before GC invocations=8 (full 1):
 PSYoungGen      total 353792K, used 184390K [0x0000000781f80000, 0x000000079ac80000, 0x00000007c0000000)
  eden space 345088K, 50% used [0x0000000781f80000,0x000000078cb12470,0x0000000797080000)
  from space 8704K, 99% used [0x000000079a400000,0x000000079ac7f788,0x000000079ac80000)
  to   space 10752K, 0% used [0x0000000799780000,0x0000000799780000,0x000000079a200000)
 ParOldGen       total 65024K, used 7283K [0x0000000705e00000, 0x0000000709d80000, 0x0000000781f80000)
  object space 65024K, 11% used [0x0000000705e00000,0x000000070651cef8,0x0000000709d80000)
 Metaspace       used 34988K, capacity 35256K, committed 35496K, reserved 1079296K
  class space    used 4791K, capacity 4864K, committed 4864K, reserved 1048576K
Event: 4.737 GC heap after
Heap after GC invocations=8 (full 1):
 PSYoungGen      total 395776K, used 10739K [0x0000000781f80000, 0x00000007a8580000, 0x00000007c0000000)
  eden space 385024K, 0% used [0x0000000781f80000,0x0000000781f80000,0x0000000799780000)
  from space 10752K, 99% used [0x0000000799780000,0x000000079a1fcd78,0x000000079a200000)
  to   space 12288K, 0% used [0x00000007a7980000,0x00000007a7980000,0x00000007a8580000)
 ParOldGen       total 65024K, used 7299K [0x0000000705e00000, 0x0000000709d80000, 0x0000000781f80000)
  object space 65024K, 11% used [0x0000000705e00000,0x0000000706520ef8,0x0000000709d80000)
 Metaspace       used 34988K, capacity 35256K, committed 35496K, reserved 1079296K
  class space    used 4791K, capacity 4864K, committed 4864K, reserved 1048576K
}
Event: 4.737 GC heap before
{Heap before GC invocations=9 (full 2):
 PSYoungGen      total 395776K, used 10739K [0x0000000781f80000, 0x00000007a8580000, 0x00000007c0000000)
  eden space 385024K, 0% used [0x0000000781f80000,0x0000000781f80000,0x0000000799780000)
  from space 10752K, 99% used [0x0000000799780000,0x000000079a1fcd78,0x000000079a200000)
  to   space 12288K, 0% used [0x00000007a7980000,0x00000007a7980000,0x00000007a8580000)
 ParOldGen       total 65024K, used 7299K [0x0000000705e00000, 0x0000000709d80000, 0x0000000781f80000)
  object space 65024K, 11% used [0x0000000705e00000,0x0000000706520ef8,0x0000000709d80000)
 Metaspace       used 34988K, capacity 35256K, committed 35496K, reserved 1079296K
  class space    used 4791K, capacity 4864K, committed 4864K, reserved 1048576K
Event: 4.793 GC heap after
Heap after GC invocations=9 (full 2):
 PSYoungGen      total 395776K, used 0K [0x0000000781f80000, 0x00000007a8580000, 0x00000007c0000000)
  eden space 385024K, 0% used [0x0000000781f80000,0x0000000781f80000,0x0000000799780000)
  from space 10752K, 0% used [0x0000000799780000,0x0000000799780000,0x000000079a200000)
  to   space 12288K, 0% used [0x00000007a7980000,0x00000007a7980000,0x00000007a8580000)
 ParOldGen       total 102912K, used 15708K [0x0000000705e00000, 0x000000070c280000, 0x0000000781f80000)
  object space 102912K, 15% used [0x0000000705e00000,0x0000000706d573d8,0x000000070c280000)
 Metaspace       used 34988K, capacity 35256K, committed 35496K, reserved 1079296K
  class space    used 4791K, capacity 4864K, committed 4864K, reserved 1048576K
}
Event: 1803.930 GC heap before
{Heap before GC invocations=10 (full 2):
 PSYoungGen      total 395776K, used 313562K [0x0000000781f80000, 0x00000007a8580000, 0x00000007c0000000)
  eden space 385024K, 81% used [0x0000000781f80000,0x00000007951b6a38,0x0000000799780000)
  from space 10752K, 0% used [0x0000000799780000,0x0000000799780000,0x000000079a200000)
  to   space 12288K, 0% used [0x00000007a7980000,0x00000007a7980000,0x00000007a8580000)
 ParOldGen       total 102912K, used 15708K [0x0000000705e00000, 0x000000070c280000, 0x0000000781f80000)
  object space 102912K, 15% used [0x0000000705e00000,0x0000000706d573d8,0x000000070c280000)
 Metaspace       used 42305K, capacity 42848K, committed 42880K, reserved 1085440K
  class space    used 5851K, capacity 5993K, committed 6016K, reserved 1048576K

